<?xml version="1.0" encoding="UTF-8"?>
<testsuite name="org.tuoi01.DefinitionTestSuite" time="2.292" tests="17" errors="0" skipped="0" failures="0">
  <properties>
[...]
</properties>
  <testcase name="Given Go to the login page successfully" classname="Scenario: Login with invalid email" time="0.003"/>
  <testcase name="When Input an email &quot;tuoi@gmail.com&quot;" classname="Scenario: Login with invalid email" time="0"/>
  <testcase name="And Click Login button" classname="Scenario: Login with invalid email" time="0"/>
  <testcase name="Then Show an error message &quot;Invalid email or password&quot;" classname="Scenario: Login with invalid email" time="0"/>
  <testcase name="Scenario: Login with invalid email" classname="Scenario: Login with invalid email" time="1.51"/>
  <testcase name="Given Go to the login page successfully" classname="Scenario: Login with invalid password" time="0"/>
  <testcase name="And Input an email &quot;tuoint02@gmail.com&quot;" classname="Scenario: Login with invalid password" time="0"/>
  <testcase name="When Input an password &quot;12345678&quot;" classname="Scenario: Login with invalid password" time="0"/>
  <testcase name="And Click Login button" classname="Scenario: Login with invalid password" time="0"/>
  <testcase name="Then Show an error message &quot;Invalid email or password&quot;" classname="Scenario: Login with invalid password" time="0"/>
  <testcase name="Scenario: Login with invalid password" classname="Scenario: Login with invalid password" time="0.409"/>
  <testcase name="Given Go to the login page successfully" classname="Scenario: Login with invalid email and password" time="0"/>
  <testcase name="When Input an email &quot;tuoi@mail.vn&quot;" classname="Scenario: Login with invalid email and password" time="0"/>
  <testcase name="And Input an password &quot;123456789&quot;" classname="Scenario: Login with invalid email and password" time="0"/>
  <testcase name="And Click Login button" classname="Scenario: Login with invalid email and password" time="0"/>
  <testcase name="Then Show an error message &quot;Invalid email or password&quot;" classname="Scenario: Login with invalid email and password" time="0"/>
  <testcase name="Scenario: Login with invalid email and password" classname="Scenario: Login with invalid email and password" time="0.37"/>
</testsuite>